<?xml version="1.0" encoding="UTF-8"?>
<!-- Generated by org.testng.reporters.JUnitReportReporter -->
<testsuite hostname="Alans-MacBook-Air.local" failures="0" tests="1" name="com.test.scripts.ContactPageTest" time="16.707" errors="0" timestamp="2024-06-15T14:06:55 EDT" skipped="0">
  <testcase classname="com.test.scripts.ContactPageTest" name="contactUsClickTest" time="16.707"/>
  <system-out/>
</testsuite> <!-- com.test.scripts.ContactPageTest -->
